<?xml version="1.0" encoding="UTF-8"?>
<testng-results ignored="0" total="1" passed="1" failed="0" skipped="0">
  <reporter-output>
  </reporter-output>
  <suite started-at="2018-12-24T18:51:51Z" name="Default suite" finished-at="2018-12-24T18:52:16Z" duration-ms="25167">
    <groups>
    </groups>
    <test started-at="2018-12-24T18:51:51Z" name="Default test" finished-at="2018-12-24T18:52:16Z" duration-ms="25167">
      <class name="adminPanel.AddRestaurant">
        <test-method is-config="true" signature="setupEnviromnent()[pri:0, instance:adminPanel.AddRestaurant@6913c1fb]" started-at="2018-12-24T18:51:51Z" name="setupEnviromnent" finished-at="2018-12-24T18:51:57Z" duration-ms="6059" status="PASS">
          <reporter-output>
          </reporter-output>
        </test-method> <!-- setupEnviromnent -->
        <test-method signature="testAddRestaurant()[pri:1, instance:adminPanel.AddRestaurant@6913c1fb]" started-at="2018-12-24T18:51:57Z" name="testAddRestaurant" finished-at="2018-12-24T18:52:16Z" duration-ms="19044" status="PASS">
          <reporter-output>
          </reporter-output>
        </test-method> <!-- testAddRestaurant -->
      </class> <!-- adminPanel.AddRestaurant -->
    </test> <!-- Default test -->
  </suite> <!-- Default suite -->
</testng-results>
