<?xml version="1.0" encoding="UTF-8"?>
<testng-results ignored="0" total="1" passed="1" failed="0" skipped="0">
  <reporter-output>
  </reporter-output>
  <suite started-at="2018-12-10T18:57:41Z" name="Default suite" finished-at="2018-12-10T18:58:10Z" duration-ms="29478">
    <groups>
    </groups>
    <test started-at="2018-12-10T18:57:41Z" name="Default test" finished-at="2018-12-10T18:58:10Z" duration-ms="29478">
      <class name="test.smoke.SmokeTest">
        <test-method is-config="true" signature="setupEnviromnent()[pri:0, instance:test.smoke.SmokeTest@4e50c791]" started-at="2018-12-10T18:57:41Z" name="setupEnviromnent" finished-at="2018-12-10T18:57:46Z" duration-ms="5868" status="PASS">
          <reporter-output>
          </reporter-output>
        </test-method> <!-- setupEnviromnent -->
        <test-method signature="testMakeFreeReservation()[pri:0, instance:test.smoke.SmokeTest@4e50c791]" started-at="2018-12-10T18:57:46Z" name="testMakeFreeReservation" finished-at="2018-12-10T18:58:10Z" duration-ms="23533" status="PASS">
          <reporter-output>
          </reporter-output>
        </test-method> <!-- testMakeFreeReservation -->
      </class> <!-- test.smoke.SmokeTest -->
    </test> <!-- Default test -->
  </suite> <!-- Default suite -->
</testng-results>
