<?xml version="1.0" encoding="UTF-8"?>
<!-- Generated by org.testng.reporters.JUnitXMLReporter -->
<testsuite ignored="0" hostname="DESKTOP-DCL6FDU" failures="0" tests="8" name="TestTest" time="182.03" errors="0" timestamp="14 Dec 2018 18:05:44 GMT">
  <testcase classname="test.regression.MakeReservationFromPopularLocations" name="testMakeReservationFromPopularLocations" time="31.749"/>
  <testcase classname="test.regression.CreateAccountInvalidInput$CreateAccountFillFields" name="testCreateAccountInvalidInput" time="12.155"/>
  <testcase classname="test.regression.NonExistentRestaurant" name="testNonExistentRestaurant" time="15.76"/>
  <testcase classname="test.regression.CreateAccountFillFields" name="testCreateAccountFillField" time="12.709"/>
  <testcase classname="test.regression.MakeReservationInvalidData" name="testMakeReservationInvalidData" time="14.438"/>
  <testcase classname="test.regression.BookFromSectionRestaurants" name="testBookFromSectionRestaurants" time="38.05"/>
  <testcase classname="test.regression.LoginInvalidInput" name="testLoginInvalidInput" time="8.725"/>
  <testcase classname="test.regression.MakeReservationNoInputData" name="testMakeReservationNoInputData" time="11.144"/>
</testsuite> <!-- TestTest -->
